# JRE version: Java(TM) SE Runtime Environment (17.0.2+8) (build 17.0.2+8-LTS-86)
# Java VM: Java HotSpot(TM) 64-Bit Server VM (17.0.2+8-LTS-86, mixed mode, sharing, tiered, compressed oops, compressed class ptrs, g1 gc, windows-amd64)
GC Precious Log:
 CPUs: 8 total, 8 available
 Memory: 16245M
 Large Page Support: Disabled
 NUMA Support: Disabled
 Compressed Oops: Enabled (Zero based)
 Heap Region Size: 2M
 Heap Min Capacity: 8M
 Heap Initial Capacity: 254M
 Heap Max Capacity: 4062M
 Pre-touch: Disabled
 Parallel Workers: 8
 Concurrent Workers: 2
 Concurrent Refinement Workers: 8
 Periodic GC: Disabled
Heap:
 garbage-first heap   total 55296K, used 26496K [0x0000000702200000, 0x0000000800000000)
  region size 2048K, 2 young (4096K), 1 survivors (2048K)
 Metaspace       used 59831K, committed 60224K, reserved 1105920K
  class space    used 7738K, committed 7936K, reserved 1048576K
GC Heap History (20 events):
Event: 11.748 GC heap before
{Heap before GC invocations=16 (full 0):
 garbage-first heap   total 55296K, used 40900K [0x0000000702200000, 0x0000000800000000)
  region size 2048K, 9 young (18432K), 2 survivors (4096K)
 Metaspace       used 58763K, committed 59200K, reserved 1105920K
  class space    used 7735K, committed 7936K, reserved 1048576K
}
Event: 11.751 GC heap after
{Heap after GC invocations=17 (full 0):
 garbage-first heap   total 55296K, used 26635K [0x0000000702200000, 0x0000000800000000)
  region size 2048K, 1 young (2048K), 1 survivors (2048K)
 Metaspace       used 58763K, committed 59200K, reserved 1105920K
  class space    used 7735K, committed 7936K, reserved 1048576K
}
Event: 12.407 GC heap before
{Heap before GC invocations=17 (full 0):
 garbage-first heap   total 55296K, used 43019K [0x0000000702200000, 0x0000000800000000)
  region size 2048K, 9 young (18432K), 1 survivors (2048K)
 Metaspace       used 59142K, committed 59520K, reserved 1105920K
  class space    used 7736K, committed 7936K, reserved 1048576K
}
Event: 12.409 GC heap after
{Heap after GC invocations=18 (full 0):
 garbage-first heap   total 55296K, used 26504K [0x0000000702200000, 0x0000000800000000)
  region size 2048K, 1 young (2048K), 1 survivors (2048K)
 Metaspace       used 59142K, committed 59520K, reserved 1105920K
  class space    used 7736K, committed 7936K, reserved 1048576K
}
Event: 13.072 GC heap before
{Heap before GC invocations=19 (full 0):
 garbage-first heap   total 55296K, used 40840K [0x0000000702200000, 0x0000000800000000)
  region size 2048K, 9 young (18432K), 1 survivors (2048K)
 Metaspace       used 59319K, committed 59712K, reserved 1105920K
  class space    used 7736K, committed 7936K, reserved 1048576K
}
Event: 13.075 GC heap after
{Heap after GC invocations=20 (full 0):
 garbage-first heap   total 55296K, used 26593K [0x0000000702200000, 0x0000000800000000)
  region size 2048K, 1 young (2048K), 1 survivors (2048K)
 Metaspace       used 59319K, committed 59712K, reserved 1105920K
  class space    used 7736K, committed 7936K, reserved 1048576K
}
Event: 13.699 GC heap before
{Heap before GC invocations=20 (full 0):
 garbage-first heap   total 55296K, used 42977K [0x0000000702200000, 0x0000000800000000)
  region size 2048K, 9 young (18432K), 1 survivors (2048K)
 Metaspace       used 59583K, committed 59968K, reserved 1105920K
  class space    used 7736K, committed 7936K, reserved 1048576K
}
Event: 13.701 GC heap after
{Heap after GC invocations=21 (full 0):
 garbage-first heap   total 55296K, used 26517K [0x0000000702200000, 0x0000000800000000)
  region size 2048K, 1 young (2048K), 1 survivors (2048K)
 Metaspace       used 59583K, committed 59968K, reserved 1105920K
  class space    used 7736K, committed 7936K, reserved 1048576K
}
Event: 14.350 GC heap before
{Heap before GC invocations=22 (full 0):
 garbage-first heap   total 55296K, used 42901K [0x0000000702200000, 0x0000000800000000)
  region size 2048K, 9 young (18432K), 1 survivors (2048K)
 Metaspace       used 59804K, committed 60160K, reserved 1105920K
  class space    used 7736K, committed 7936K, reserved 1048576K
}
Event: 14.353 GC heap after
{Heap after GC invocations=23 (full 0):
 garbage-first heap   total 55296K, used 26521K [0x0000000702200000, 0x0000000800000000)
  region size 2048K, 1 young (2048K), 1 survivors (2048K)
 Metaspace       used 59804K, committed 60160K, reserved 1105920K
  class space    used 7736K, committed 7936K, reserved 1048576K
}
Event: 14.990 GC heap before
{Heap before GC invocations=23 (full 0):
 garbage-first heap   total 55296K, used 44953K [0x0000000702200000, 0x0000000800000000)
  region size 2048K, 10 young (20480K), 1 survivors (2048K)
 Metaspace       used 59827K, committed 60224K, reserved 1105920K
  class space    used 7738K, committed 7936K, reserved 1048576K
}
Event: 14.994 GC heap after
{Heap after GC invocations=24 (full 0):
 garbage-first heap   total 55296K, used 26482K [0x0000000702200000, 0x0000000800000000)
  region size 2048K, 1 young (2048K), 1 survivors (2048K)
 Metaspace       used 59827K, committed 60224K, reserved 1105920K
  class space    used 7738K, committed 7936K, reserved 1048576K
}
Event: 15.569 GC heap before
{Heap before GC invocations=25 (full 0):
 garbage-first heap   total 55296K, used 44914K [0x0000000702200000, 0x0000000800000000)
  region size 2048K, 10 young (20480K), 1 survivors (2048K)
 Metaspace       used 59827K, committed 60224K, reserved 1105920K
  class space    used 7738K, committed 7936K, reserved 1048576K
}
Event: 15.572 GC heap after
{Heap after GC invocations=26 (full 0):
 garbage-first heap   total 55296K, used 26516K [0x0000000702200000, 0x0000000800000000)
  region size 2048K, 1 young (2048K), 1 survivors (2048K)
 Metaspace       used 59827K, committed 60224K, reserved 1105920K
  class space    used 7738K, committed 7936K, reserved 1048576K
}
Event: 16.400 GC heap before
{Heap before GC invocations=26 (full 0):
 garbage-first heap   total 55296K, used 44948K [0x0000000702200000, 0x0000000800000000)
  region size 2048K, 10 young (20480K), 1 survivors (2048K)
 Metaspace       used 59831K, committed 60224K, reserved 1105920K
  class space    used 7738K, committed 7936K, reserved 1048576K
}
Event: 16.403 GC heap after
{Heap after GC invocations=27 (full 0):
 garbage-first heap   total 55296K, used 26529K [0x0000000702200000, 0x0000000800000000)
  region size 2048K, 1 young (2048K), 1 survivors (2048K)
 Metaspace       used 59831K, committed 60224K, reserved 1105920K
  class space    used 7738K, committed 7936K, reserved 1048576K
}
Event: 17.059 GC heap before
{Heap before GC invocations=28 (full 0):
 garbage-first heap   total 55296K, used 44961K [0x0000000702200000, 0x0000000800000000)
  region size 2048K, 10 young (20480K), 1 survivors (2048K)
 Metaspace       used 59831K, committed 60224K, reserved 1105920K
  class space    used 7738K, committed 7936K, reserved 1048576K
}
Event: 17.063 GC heap after
{Heap after GC invocations=29 (full 0):
 garbage-first heap   total 55296K, used 26540K [0x0000000702200000, 0x0000000800000000)
  region size 2048K, 1 young (2048K), 1 survivors (2048K)
 Metaspace       used 59831K, committed 60224K, reserved 1105920K
  class space    used 7738K, committed 7936K, reserved 1048576K
}
Event: 17.983 GC heap before
{Heap before GC invocations=29 (full 0):
 garbage-first heap   total 55296K, used 44972K [0x0000000702200000, 0x0000000800000000)
  region size 2048K, 10 young (20480K), 1 survivors (2048K)
 Metaspace       used 59831K, committed 60224K, reserved 1105920K
  class space    used 7738K, committed 7936K, reserved 1048576K
}
Event: 17.987 GC heap after
{Heap after GC invocations=30 (full 0):
 garbage-first heap   total 55296K, used 26496K [0x0000000702200000, 0x0000000800000000)
  region size 2048K, 1 young (2048K), 1 survivors (2048K)
 Metaspace       used 59831K, committed 60224K, reserved 1105920K
  class space    used 7738K, committed 7936K, reserved 1048576K
}

