# JRE version: Java(TM) SE Runtime Environment (17.0.2+8) (build 17.0.2+8-LTS-86)
# Java VM: Java HotSpot(TM) 64-Bit Server VM (17.0.2+8-LTS-86, mixed mode, sharing, tiered, compressed oops, compressed class ptrs, g1 gc, windows-amd64)
GC Precious Log:
 CPUs: 8 total, 8 available
 Memory: 16245M
 Large Page Support: Disabled
 NUMA Support: Disabled
 Compressed Oops: Enabled (Zero based)
 Heap Region Size: 2M
 Heap Min Capacity: 8M
 Heap Initial Capacity: 254M
 Heap Max Capacity: 4062M
 Pre-touch: Disabled
 Parallel Workers: 8
 Concurrent Workers: 2
 Concurrent Refinement Workers: 8
 Periodic GC: Disabled
Heap:
 garbage-first heap   total 55296K, used 36764K [0x00000004d6c00000, 0x00000005d4a00000)
  region size 2048K, 7 young (14336K), 1 survivors (2048K)
 Metaspace       used 59773K, committed 60160K, reserved 1105920K
  class space    used 7725K, committed 7936K, reserved 1048576K
GC Heap History (20 events):
Event: 6.917 GC heap before
{Heap before GC invocations=13 (full 0):
 garbage-first heap   total 55296K, used 40791K [0x00000004d6c00000, 0x00000005d4a00000)
  region size 2048K, 11 young (22528K), 2 survivors (4096K)
 Metaspace       used 53378K, committed 53760K, reserved 1097728K
  class space    used 7173K, committed 7360K, reserved 1048576K
}
Event: 6.920 GC heap after
{Heap after GC invocations=14 (full 0):
 garbage-first heap   total 55296K, used 23812K [0x00000004d6c00000, 0x00000005d4a00000)
  region size 2048K, 2 young (4096K), 2 survivors (4096K)
 Metaspace       used 53378K, committed 53760K, reserved 1097728K
  class space    used 7173K, committed 7360K, reserved 1048576K
}
Event: 7.487 GC heap before
{Heap before GC invocations=14 (full 0):
 garbage-first heap   total 55296K, used 40196K [0x00000004d6c00000, 0x00000005d4a00000)
  region size 2048K, 10 young (20480K), 2 survivors (4096K)
 Metaspace       used 56154K, committed 56512K, reserved 1097728K
  class space    used 7517K, committed 7680K, reserved 1048576K
}
Event: 7.492 GC heap after
{Heap after GC invocations=15 (full 0):
 garbage-first heap   total 55296K, used 25675K [0x00000004d6c00000, 0x00000005d4a00000)
  region size 2048K, 2 young (4096K), 2 survivors (4096K)
 Metaspace       used 56154K, committed 56512K, reserved 1097728K
  class space    used 7517K, committed 7680K, reserved 1048576K
}
Event: 7.905 GC heap before
{Heap before GC invocations=15 (full 0):
 garbage-first heap   total 55296K, used 42059K [0x00000004d6c00000, 0x00000005d4a00000)
  region size 2048K, 10 young (20480K), 2 survivors (4096K)
 Metaspace       used 58063K, committed 58496K, reserved 1105920K
  class space    used 7723K, committed 7936K, reserved 1048576K
}
Event: 7.909 GC heap after
{Heap after GC invocations=16 (full 0):
 garbage-first heap   total 55296K, used 26749K [0x00000004d6c00000, 0x00000005d4a00000)
  region size 2048K, 2 young (4096K), 2 survivors (4096K)
 Metaspace       used 58063K, committed 58496K, reserved 1105920K
  class space    used 7723K, committed 7936K, reserved 1048576K
}
Event: 8.279 GC heap before
{Heap before GC invocations=16 (full 0):
 garbage-first heap   total 55296K, used 43133K [0x00000004d6c00000, 0x00000005d4a00000)
  region size 2048K, 10 young (20480K), 2 survivors (4096K)
 Metaspace       used 58725K, committed 59136K, reserved 1105920K
  class space    used 7723K, committed 7936K, reserved 1048576K
}
Event: 8.282 GC heap after
{Heap after GC invocations=17 (full 0):
 garbage-first heap   total 55296K, used 26652K [0x00000004d6c00000, 0x00000005d4a00000)
  region size 2048K, 1 young (2048K), 1 survivors (2048K)
 Metaspace       used 58725K, committed 59136K, reserved 1105920K
  class space    used 7723K, committed 7936K, reserved 1048576K
}
Event: 8.607 GC heap before
{Heap before GC invocations=17 (full 0):
 garbage-first heap   total 55296K, used 43036K [0x00000004d6c00000, 0x00000005d4a00000)
  region size 2048K, 9 young (18432K), 1 survivors (2048K)
 Metaspace       used 59115K, committed 59520K, reserved 1105920K
  class space    used 7723K, committed 7936K, reserved 1048576K
}
Event: 8.609 GC heap after
{Heap after GC invocations=18 (full 0):
 garbage-first heap   total 55296K, used 26494K [0x00000004d6c00000, 0x00000005d4a00000)
  region size 2048K, 1 young (2048K), 1 survivors (2048K)
 Metaspace       used 59115K, committed 59520K, reserved 1105920K
  class space    used 7723K, committed 7936K, reserved 1048576K
}
Event: 8.989 GC heap before
{Heap before GC invocations=19 (full 0):
 garbage-first heap   total 55296K, used 42878K [0x00000004d6c00000, 0x00000005d4a00000)
  region size 2048K, 9 young (18432K), 1 survivors (2048K)
 Metaspace       used 59158K, committed 59520K, reserved 1105920K
  class space    used 7723K, committed 7936K, reserved 1048576K
}
Event: 8.991 GC heap after
{Heap after GC invocations=20 (full 0):
 garbage-first heap   total 55296K, used 26479K [0x00000004d6c00000, 0x00000005d4a00000)
  region size 2048K, 1 young (2048K), 1 survivors (2048K)
 Metaspace       used 59158K, committed 59520K, reserved 1105920K
  class space    used 7723K, committed 7936K, reserved 1048576K
}
Event: 9.346 GC heap before
{Heap before GC invocations=20 (full 0):
 garbage-first heap   total 55296K, used 40815K [0x00000004d6c00000, 0x00000005d4a00000)
  region size 2048K, 9 young (18432K), 1 survivors (2048K)
 Metaspace       used 59414K, committed 59840K, reserved 1105920K
  class space    used 7724K, committed 7936K, reserved 1048576K
}
Event: 9.349 GC heap after
{Heap after GC invocations=21 (full 0):
 garbage-first heap   total 55296K, used 26447K [0x00000004d6c00000, 0x00000005d4a00000)
  region size 2048K, 1 young (2048K), 1 survivors (2048K)
 Metaspace       used 59414K, committed 59840K, reserved 1105920K
  class space    used 7724K, committed 7936K, reserved 1048576K
}
Event: 9.855 GC heap before
{Heap before GC invocations=22 (full 0):
 garbage-first heap   total 55296K, used 42831K [0x00000004d6c00000, 0x00000005d4a00000)
  region size 2048K, 10 young (20480K), 1 survivors (2048K)
 Metaspace       used 59723K, committed 60096K, reserved 1105920K
  class space    used 7725K, committed 7936K, reserved 1048576K
}
Event: 9.858 GC heap after
{Heap after GC invocations=23 (full 0):
 garbage-first heap   total 55296K, used 26513K [0x00000004d6c00000, 0x00000005d4a00000)
  region size 2048K, 1 young (2048K), 1 survivors (2048K)
 Metaspace       used 59723K, committed 60096K, reserved 1105920K
  class space    used 7725K, committed 7936K, reserved 1048576K
}
Event: 10.249 GC heap before
{Heap before GC invocations=23 (full 0):
 garbage-first heap   total 55296K, used 44945K [0x00000004d6c00000, 0x00000005d4a00000)
  region size 2048K, 10 young (20480K), 1 survivors (2048K)
 Metaspace       used 59764K, committed 60160K, reserved 1105920K
  class space    used 7725K, committed 7936K, reserved 1048576K
}
Event: 10.253 GC heap after
{Heap after GC invocations=24 (full 0):
 garbage-first heap   total 55296K, used 26472K [0x00000004d6c00000, 0x00000005d4a00000)
  region size 2048K, 1 young (2048K), 1 survivors (2048K)
 Metaspace       used 59764K, committed 60160K, reserved 1105920K
  class space    used 7725K, committed 7936K, reserved 1048576K
}
Event: 10.649 GC heap before
{Heap before GC invocations=25 (full 0):
 garbage-first heap   total 55296K, used 42856K [0x00000004d6c00000, 0x00000005d4a00000)
  region size 2048K, 10 young (20480K), 1 survivors (2048K)
 Metaspace       used 59773K, committed 60160K, reserved 1105920K
  class space    used 7725K, committed 7936K, reserved 1048576K
}
Event: 10.652 GC heap after
{Heap after GC invocations=26 (full 0):
 garbage-first heap   total 55296K, used 26524K [0x00000004d6c00000, 0x00000005d4a00000)
  region size 2048K, 1 young (2048K), 1 survivors (2048K)
 Metaspace       used 59773K, committed 60160K, reserved 1105920K
  class space    used 7725K, committed 7936K, reserved 1048576K
}

